[17:16:21.260] [Info] Root: Preparing Root...
[17:16:21.260] [Info] Root: Done preparing Root.
[17:16:21.260] [Info] Client Version 1.4.4 (linux x86_64) Source ID: 8cbe6faf22282659828a194e06a08999f213769e Protocol: 747
[17:16:21.261] [Info] Root: Scanning for asset sources in directory '../assets/'
[17:16:21.526] [Info] Root: Scanning for asset sources in directory '../mods/'
[17:16:21.526] [Warn] Root: Unrecognized file in asset directory 'mods_go_here', skipping
[17:16:21.526] [Info] Root: Detected asset source named 'base' at '../assets/packed.pak'
[17:16:21.526] [Info] Root: Detected unnamed asset source at '../assets/user'
[17:16:21.526] [Info] Loading assets from: '../assets/packed.pak'
[17:16:22.038] [Info] Loading assets from: '../assets/user'
[17:16:22.910] [Info] Assets digest is 531f0b8469832a566d23a0b9870ed717c63291164883670d0ee17086a100d3cd
[17:16:22.911] [Info] Root: Loaded Assets in 1.65024 seconds
[17:16:22.913] [Info] Application: Initializing SDL Video
[17:16:22.925] [Info] Application: Initializing SDL Joystick
[17:16:23.077] [Info] Application: Initializing SDL Sound
[17:16:23.120] [Info] Initialized Steam platform services
[17:16:23.123] [Info] Application: Creating SDL Window
[17:16:23.184] [Info] Application: Enabling VSync with late swap tearing
[17:16:23.186] [Info] Application: Opened default audio device with 44.1khz / 16 bit stereo audio, 2048 sample size buffer
[17:16:23.199] [Info] OpenGL version: '4.2 (Compatibility Profile) Mesa 22.2.5' vendor: 'Intel' renderer: 'Mesa Intel(R) HD Graphics 4000 (IVB GT2)' shader: '4.20'
[17:16:23.220] [Info] Application: initialization...
[17:16:23.223] [Info] Root: Loaded Configuration in 0.00258504 seconds
[17:16:23.224] [Info] Application: Disabling VSync
[17:16:23.235] [Info] Application: renderer initialization...
[17:16:23.237] [Info] detected supported OpenGL texture size 16384, using atlasNumCells 128
[17:16:23.239] [Info] Root: Loaded ImageMetadataDatabase in 1.004e-06 seconds
[17:16:23.253] [Info] Application: main update loop...
[17:16:23.264] [Info] Loading mods from user generated content with id '2431875552' from directory '/media/ari/plus/SteamLibrary/steamapps/workshop/content/211820/2431875552'
[17:16:23.265] [Info] Loading mods from user generated content with id '1264107917' from directory '/media/ari/plus/SteamLibrary/steamapps/workshop/content/211820/1264107917'
[17:16:23.266] [Info] Loading mods from user generated content with id '729427606' from directory '/media/ari/plus/SteamLibrary/steamapps/workshop/content/211820/729427606'
[17:16:23.267] [Info] Loading mods from user generated content with id '729791646' from directory '/media/ari/plus/SteamLibrary/steamapps/workshop/content/211820/729791646'
[17:16:23.268] [Warn] User generated content with id '736593129' is not available
[17:16:23.269] [Info] Loading mods from user generated content with id '1543219534' from directory '/media/ari/plus/SteamLibrary/steamapps/workshop/content/211820/1543219534'
[17:16:23.270] [Info] Loading mods from user generated content with id '902555153' from directory '/media/ari/plus/SteamLibrary/steamapps/workshop/content/211820/902555153'
[17:16:23.271] [Info] Loading mods from user generated content with id '729971441' from directory '/media/ari/plus/SteamLibrary/steamapps/workshop/content/211820/729971441'
[17:16:23.272] [Info] Loading mods from user generated content with id '1247812383' from directory '/media/ari/plus/SteamLibrary/steamapps/workshop/content/211820/1247812383'
[17:16:23.276] [Info] Loading mods from user generated content with id '1257128625' from directory '/media/ari/plus/SteamLibrary/steamapps/workshop/content/211820/1257128625'
[17:16:23.277] [Info] Loading mods from user generated content with id '1131820988' from directory '/media/ari/plus/SteamLibrary/steamapps/workshop/content/211820/1131820988'
[17:16:23.278] [Info] Loading mods from user generated content with id '729480149' from directory '/media/ari/plus/SteamLibrary/steamapps/workshop/content/211820/729480149'
[17:16:23.279] [Info] Loading mods from user generated content with id '2627391928' from directory '/media/ari/plus/SteamLibrary/steamapps/workshop/content/211820/2627391928'
[17:16:23.279] [Info] Reloading to include all user generated content
[17:16:23.279] [Info] Root: Reloading from disk
[17:16:23.280] [Info] Root: Writing runtime configuration to '../storage/starbound.config'
[17:16:23.308] [Info] Root: Loaded Configuration in 0.00120028 seconds
[17:16:23.308] [Info] Root: Scanning for asset sources in directory '../assets/'
[17:16:23.631] [Info] Root: Scanning for asset sources in directory '../mods/'
[17:16:23.631] [Warn] Root: Unrecognized file in asset directory 'mods_go_here', skipping
[17:16:23.632] [Info] Root: Scanning for asset sources in directory '/media/ari/plus/SteamLibrary/steamapps/workshop/content/211820/2431875552'
[17:16:23.659] [Info] Root: Scanning for asset sources in directory '/media/ari/plus/SteamLibrary/steamapps/workshop/content/211820/1264107917'
[17:16:23.662] [Info] Root: Scanning for asset sources in directory '/media/ari/plus/SteamLibrary/steamapps/workshop/content/211820/729427606'
[17:16:23.665] [Info] Root: Scanning for asset sources in directory '/media/ari/plus/SteamLibrary/steamapps/workshop/content/211820/729791646'
[17:16:23.665] [Info] Root: Scanning for asset sources in directory '/media/ari/plus/SteamLibrary/steamapps/workshop/content/211820/1543219534'
[17:16:23.670] [Info] Root: Scanning for asset sources in directory '/media/ari/plus/SteamLibrary/steamapps/workshop/content/211820/902555153'
[17:16:23.772] [Info] Root: Scanning for asset sources in directory '/media/ari/plus/SteamLibrary/steamapps/workshop/content/211820/729971441'
[17:16:23.772] [Info] Root: Scanning for asset sources in directory '/media/ari/plus/SteamLibrary/steamapps/workshop/content/211820/1247812383'
[17:16:23.773] [Info] Root: Scanning for asset sources in directory '/media/ari/plus/SteamLibrary/steamapps/workshop/content/211820/1257128625'
[17:16:23.773] [Info] Root: Scanning for asset sources in directory '/media/ari/plus/SteamLibrary/steamapps/workshop/content/211820/1131820988'
[17:16:23.774] [Info] Root: Scanning for asset sources in directory '/media/ari/plus/SteamLibrary/steamapps/workshop/content/211820/729480149'
[17:16:24.209] [Info] Root: Scanning for asset sources in directory '/media/ari/plus/SteamLibrary/steamapps/workshop/content/211820/2627391928'
[17:16:24.210] [Info] Root: Detected asset source named 'base' at '../assets/packed.pak'
[17:16:24.210] [Info] Root: Detected asset source named 'Optimizebound (Performance Improvement)' at '/media/ari/plus/SteamLibrary/steamapps/workshop/content/211820/902555153/contents.pak'
[17:16:24.210] [Info] Root: Detected unnamed asset source at '/media/ari/plus/SteamLibrary/steamapps/workshop/content/211820/1543219534/contents.pak'
[17:16:24.210] [Info] Root: Detected asset source named 'The Starforge v1.0' at '/media/ari/plus/SteamLibrary/steamapps/workshop/content/211820/2431875552/contents.pak'
[17:16:24.210] [Info] Root: Detected asset source named 'FrackinUniverse' at '/media/ari/plus/SteamLibrary/steamapps/workshop/content/211820/729480149/contents.pak'
[17:16:24.210] [Info] Root: Detected asset source named 'Improved Containers' at '/media/ari/plus/SteamLibrary/steamapps/workshop/content/211820/729427606/contents.pak'
[17:16:24.210] [Info] Root: Detected asset source named 'ExtraZoomLevels' at '/media/ari/plus/SteamLibrary/steamapps/workshop/content/211820/729791646/contents.pak'
[17:16:24.210] [Info] Root: Detected asset source named 'nomidnightparticles' at '/media/ari/plus/SteamLibrary/steamapps/workshop/content/211820/1247812383/contents.pak'
[17:16:24.210] [Info] Root: Detected asset source named 'No Sandstorm Particles' at '/media/ari/plus/SteamLibrary/steamapps/workshop/content/211820/1257128625/contents.pak'
[17:16:24.210] [Info] Root: Detected asset source named 'Tech Additions' at '/media/ari/plus/SteamLibrary/steamapps/workshop/content/211820/1131820988/contents.pak'
[17:16:24.210] [Info] Root: Detected asset source named 'pat_railplatformfix' at '/media/ari/plus/SteamLibrary/steamapps/workshop/content/211820/2627391928/contents.pak'
[17:16:24.210] [Info] Root: Detected asset source named 'FrackinInterface' at '/media/ari/plus/SteamLibrary/steamapps/workshop/content/211820/1264107917/contents.pak'
[17:16:24.210] [Info] Root: Detected asset source named 'suphaxnofalldamage' at '/media/ari/plus/SteamLibrary/steamapps/workshop/content/211820/729971441/contents.pak'
[17:16:24.210] [Info] Root: Detected unnamed asset source at '../assets/user'
[17:16:24.210] [Info] Loading assets from: '../assets/packed.pak'
[17:16:24.544] [Info] Loading assets from: '/media/ari/plus/SteamLibrary/steamapps/workshop/content/211820/902555153/contents.pak'
[17:16:24.745] [Info] Loading assets from: '/media/ari/plus/SteamLibrary/steamapps/workshop/content/211820/1543219534/contents.pak'
[17:16:24.752] [Info] Loading assets from: '/media/ari/plus/SteamLibrary/steamapps/workshop/content/211820/2431875552/contents.pak'
[17:16:24.790] [Info] Loading assets from: '/media/ari/plus/SteamLibrary/steamapps/workshop/content/211820/729480149/contents.pak'
[17:16:25.608] [Info] Loading assets from: '/media/ari/plus/SteamLibrary/steamapps/workshop/content/211820/729427606/contents.pak'
[17:16:25.614] [Info] Loading assets from: '/media/ari/plus/SteamLibrary/steamapps/workshop/content/211820/729791646/contents.pak'
[17:16:25.615] [Info] Loading assets from: '/media/ari/plus/SteamLibrary/steamapps/workshop/content/211820/1247812383/contents.pak'
[17:16:25.615] [Info] Loading assets from: '/media/ari/plus/SteamLibrary/steamapps/workshop/content/211820/1257128625/contents.pak'
[17:16:25.615] [Info] Loading assets from: '/media/ari/plus/SteamLibrary/steamapps/workshop/content/211820/1131820988/contents.pak'
[17:16:25.616] [Info] Loading assets from: '/media/ari/plus/SteamLibrary/steamapps/workshop/content/211820/2627391928/contents.pak'
[17:16:25.616] [Info] Loading assets from: '/media/ari/plus/SteamLibrary/steamapps/workshop/content/211820/1264107917/contents.pak'
[17:16:25.620] [Info] Loading assets from: '/media/ari/plus/SteamLibrary/steamapps/workshop/content/211820/729971441/contents.pak'
[17:16:25.620] [Info] Loading assets from: '../assets/user'
[17:16:27.972] [Info] Assets digest is 6bf00facc1e57a865760cf43eaff20bd9c8307201c3b94b7d9589ebf565b5fa8
[17:16:27.972] [Info] Root: Loaded Assets in 4.66424 seconds
[17:16:27.979] [Info] Root: Loaded ImageMetadataDatabase in 1.369e-06 seconds
[17:16:27.984] [Info] Root: Loaded NameGenerator in 0.0111619 seconds
[17:16:28.116] [Info] Root: Loaded PlantDatabase in 0.131542 seconds
[17:16:28.847] [Info] Root: Loaded ProjectileDatabase in 0.730997 seconds
[17:16:29.013] [Info] Root: Loaded ObjectDatabase in 1.0402 seconds
[17:16:29.376] [Info] Root: Loaded NpcDatabase in 0.361962 seconds
[17:16:29.475] [Info] Root: Loaded StagehandDatabase in 0.0988706 seconds
[17:16:29.489] [Info] Root: Loaded VehicleDatabase in 0.0135751 seconds
[17:16:29.525] [Info] Root: Loaded PlayerFactory in 0.0360008 seconds
[17:16:29.604] [Info] Root: Loaded MonsterDatabase in 0.757095 seconds
[17:16:29.606] [Info] Root: Loaded VersioningDatabase in 0.00181311 seconds
[17:16:29.606] [Info] Root: Loaded EntityFactory in 0.0808846 seconds
[17:16:29.716] [Info] Root: Loaded ParticleDatabase in 0.109601 seconds
[17:16:30.451] [Info] Root: Loaded MaterialDatabase in 0.844306 seconds
[17:16:30.476] [Info] Root: Loaded TerrainDatabase in 0.0245554 seconds
[17:16:30.832] [Info] Root: Loaded BiomeDatabase in 0.355469 seconds
[17:16:30.840] [Info] Root: Loaded LiquidsDatabase in 0.00728478 seconds
[17:16:30.945] [Info] Root: Loaded StatusEffectDatabase in 0.104752 seconds
[17:16:31.633] [Info] Root: Loaded DamageDatabase in 0.687805 seconds
[17:16:31.648] [Info] Root: Loaded EffectSourceDatabase in 0.0150615 seconds
[17:16:31.686] [Info] Root: Loaded FunctionDatabase in 0.037996 seconds
[17:16:31.817] [Info] Root: Loaded TreasureDatabase in 0.130526 seconds
[17:16:32.723] [Info] Root: Loaded DungeonDefinitions in 0.905574 seconds
[17:16:32.723] [Info] Root: Loaded TilesetDatabase in 6.633e-06 seconds
[17:16:32.725] [Info] Root: Loaded StatisticsDatabase in 0.00185715 seconds
[17:16:32.725] [Info] Root: Loaded EmoteProcessor in 8.7597e-05 seconds
[17:16:32.776] [Info] Root: Loaded SpeciesDatabase in 0.050971 seconds
[17:16:32.856] [Info] Root: Loaded QuestTemplateDatabase in 0.0797167 seconds
[17:16:32.864] [Info] Root: Loaded AiDatabase in 0.00718625 seconds
[17:16:32.874] [Info] Root: Loaded TechDatabase in 0.00985678 seconds
[17:16:32.935] [Info] Root: Loaded CodexDatabase in 0.0609939 seconds
[17:16:33.527] [Info] Root: Loaded BehaviorDatabase in 0.591716 seconds
[17:16:33.532] [Info] Root: Loaded DanceDatabase in 0.00429177 seconds
[17:16:33.552] [Info] Root: Loaded SpawnTypeDatabase in 0.0194878 seconds
[17:16:33.587] [Info] Root: Loaded RadioMessageDatabase in 0.0354056 seconds
[17:16:46.627] [Info] Root: Loaded ItemDatabase in 17.0227 seconds
[17:16:46.755] [Info] Root: Loaded CollectionDatabase in 13.1672 seconds
[17:16:47.987] [Info] detected supported OpenGL texture size 16384, using atlasNumCells 256
[17:21:22.243] [Info] Application: quit requested
[17:21:22.244] [Info] Application: quitting...
[17:21:22.244] [Info] Application: shutdown...
[17:21:22.347] [Info] Root: Shutting down Root
[17:21:22.844] [Info] Application: Destroying SDL Window
[17:21:22.863] [Info] Application: stopped gracefully
